<?xml version="1.0" encoding="UTF-8"?>
<coverage generated="1585841738">
  <project timestamp="1585841738">
    <package name="CarlosOCarvalho\Flysystem\Cloudinary">
      <file name="/Users/carloscarvalho/projects/php/flysystem-cloudinary/src/CloudinaryAdapter.php">
        <class name="CarlosOCarvalho\Flysystem\Cloudinary\CloudinaryAdapter" namespace="CarlosOCarvalho\Flysystem\Cloudinary">
          <metrics complexity="34" methods="21" coveredmethods="20" conditionals="0" coveredconditionals="0" statements="79" coveredstatements="78" elements="100" coveredelements="98"/>
        </class>
        <line num="54" type="method" name="__construct" visibility="public" complexity="1" crap="1" count="14"/>
        <line num="56" type="stmt" count="14"/>
        <line num="57" type="stmt" count="14"/>
        <line num="58" type="stmt" count="14"/>
        <line num="70" type="method" name="write" visibility="public" complexity="1" crap="1" count="6"/>
        <line num="73" type="stmt" count="6"/>
        <line num="74" type="stmt" count="6"/>
        <line num="76" type="stmt" count="6"/>
        <line num="77" type="stmt" count="6"/>
        <line num="87" type="method" name="writeStream" visibility="public" complexity="1" crap="1" count="10"/>
        <line num="89" type="stmt" count="10"/>
        <line num="90" type="stmt" count="10"/>
        <line num="91" type="stmt" count="10"/>
        <line num="92" type="stmt" count="10"/>
        <line num="93" type="stmt" count="10"/>
        <line num="95" type="stmt" count="10"/>
        <line num="96" type="stmt" count="10"/>
        <line num="99" type="stmt" count="10"/>
        <line num="111" type="method" name="copy" visibility="public" complexity="2" crap="2" count="4"/>
        <line num="115" type="stmt" count="4"/>
        <line num="116" type="stmt" count="4"/>
        <line num="117" type="stmt" count="1"/>
        <line num="118" type="stmt" count="1"/>
        <line num="120" type="stmt" count="3"/>
        <line num="121" type="method" name="move" visibility="public" complexity="2" crap="2" count="3"/>
        <line num="124" type="stmt" count="3"/>
        <line num="125" type="stmt" count="2"/>
        <line num="126" type="stmt" count="1"/>
        <line num="127" type="stmt" count="1"/>
        <line num="129" type="stmt" count="2"/>
        <line num="137" type="method" name="delete" visibility="public" complexity="3" crap="3" count="11"/>
        <line num="140" type="stmt" count="11"/>
        <line num="141" type="stmt" count="11"/>
        <line num="142" type="stmt" count="11"/>
        <line num="143" type="stmt" count="1"/>
        <line num="144" type="stmt" count="1"/>
        <line num="146" type="stmt" count="10"/>
        <line num="155" type="method" name="deleteDirectory" visibility="public" complexity="1" crap="1" count="1"/>
        <line num="157" type="stmt" count="1"/>
        <line num="158" type="stmt" count="1"/>
        <line num="170" type="method" name="createDirectory" visibility="public" complexity="1" crap="1" count="1"/>
        <line num="172" type="stmt" count="1"/>
        <line num="173" type="stmt" count="1"/>
        <line num="186" type="method" name="fileExists" visibility="public" complexity="2" crap="2" count="4"/>
        <line num="189" type="stmt" count="4"/>
        <line num="190" type="stmt" count="1"/>
        <line num="191" type="stmt" count="1"/>
        <line num="193" type="stmt" count="3"/>
        <line num="202" type="method" name="read" visibility="public" complexity="1" crap="1" count="1"/>
        <line num="204" type="stmt" count="1"/>
        <line num="205" type="stmt" count="1"/>
        <line num="214" type="method" name="readStream" visibility="public" complexity="1" crap="1" count="1"/>
        <line num="216" type="stmt" count="1"/>
        <line num="226" type="method" name="listContents" visibility="public" complexity="4" crap="4" count="14"/>
        <line num="228" type="stmt" count="14"/>
        <line num="231" type="stmt" count="14"/>
        <line num="233" type="stmt" count="14"/>
        <line num="234" type="stmt" count="14"/>
        <line num="235" type="stmt" count="14"/>
        <line num="236" type="stmt" count="14"/>
        <line num="237" type="stmt" count="14"/>
        <line num="239" type="stmt" count="14"/>
        <line num="240" type="stmt" count="14"/>
        <line num="243" type="stmt" count="14"/>
        <line num="245" type="stmt" count="9"/>
        <line num="250" type="stmt" count="14"/>
        <line num="259" type="method" name="getResource" visibility="public" complexity="1" crap="1" count="4"/>
        <line num="261" type="stmt" count="4"/>
        <line num="270" type="method" name="fileSize" visibility="public" complexity="1" crap="1" count="1"/>
        <line num="272" type="stmt" count="1"/>
        <line num="280" type="method" name="setVisibility" visibility="public" complexity="1" crap="1" count="1"/>
        <line num="282" type="stmt" count="1"/>
        <line num="288" type="method" name="visibility" visibility="public" complexity="1" crap="1" count="1"/>
        <line num="290" type="stmt" count="1"/>
        <line num="302" type="method" name="mimetype" visibility="public" complexity="1" crap="1" count="1"/>
        <line num="304" type="stmt" count="1"/>
        <line num="313" type="method" name="lastModified" visibility="public" complexity="1" crap="1" count="2"/>
        <line num="315" type="stmt" count="2"/>
        <line num="325" type="method" name="fetchFileMetadata" visibility="private" complexity="3" crap="3.03" count="4"/>
        <line num="328" type="stmt" count="4"/>
        <line num="329" type="stmt" count="1"/>
        <line num="330" type="stmt" count="1"/>
        <line num="332" type="stmt" count="3"/>
        <line num="334" type="stmt" count="3"/>
        <line num="335" type="stmt" count="0"/>
        <line num="337" type="stmt" count="3"/>
        <line num="346" type="method" name="mapToObject" visibility="private" complexity="1" crap="1" count="9"/>
        <line num="348" type="stmt" count="9"/>
        <line num="349" type="stmt" count="9"/>
        <line num="350" type="stmt" count="9"/>
        <line num="351" type="stmt" count="9"/>
        <line num="352" type="stmt" count="9"/>
        <line num="353" type="stmt" count="9"/>
        <line num="354" type="stmt" count="9"/>
        <line num="364" type="method" name="extractExtraMetadata" visibility="private" complexity="4" crap="4" count="9"/>
        <line num="366" type="stmt" count="9"/>
        <line num="368" type="stmt" count="9"/>
        <line num="369" type="stmt" count="9"/>
        <line num="370" type="stmt" count="9"/>
        <line num="374" type="stmt" count="9"/>
        <metrics loc="376" ncloc="199" classes="1" methods="21" coveredmethods="20" conditionals="0" coveredconditionals="0" statements="79" coveredstatements="78" elements="100" coveredelements="98"/>
      </file>
    </package>
    <metrics files="1" loc="376" ncloc="199" classes="1" methods="21" coveredmethods="20" conditionals="0" coveredconditionals="0" statements="79" coveredstatements="78" elements="100" coveredelements="98"/>
  </project>
</coverage>
