<?xml version="1.0" encoding="UTF-8"?>
<coverage generated="1585805604">
  <project timestamp="1585805604">
    <package name="CarlosOCarvalho\Flysystem\Cloudinary">
      <file name="/Users/carloscarvalho/projects/php/flysystem-cloudinary/src/CloudinaryAdapter.php">
        <class name="CarlosOCarvalho\Flysystem\Cloudinary\CloudinaryAdapter" namespace="CarlosOCarvalho\Flysystem\Cloudinary">
          <metrics complexity="32" methods="24" coveredmethods="18" conditionals="0" coveredconditionals="0" statements="84" coveredstatements="70" elements="108" coveredelements="88"/>
        </class>
        <line num="44" type="method" name="__construct" visibility="public" complexity="1" crap="1" count="11"/>
        <line num="46" type="stmt" count="11"/>
        <line num="47" type="stmt" count="11"/>
        <line num="48" type="stmt" count="11"/>
        <line num="60" type="method" name="write" visibility="public" complexity="1" crap="1" count="6"/>
        <line num="63" type="stmt" count="6"/>
        <line num="64" type="stmt" count="6"/>
        <line num="66" type="stmt" count="6"/>
        <line num="67" type="stmt" count="6"/>
        <line num="77" type="method" name="writeStream" visibility="public" complexity="1" crap="1" count="8"/>
        <line num="79" type="stmt" count="8"/>
        <line num="80" type="stmt" count="8"/>
        <line num="81" type="stmt" count="8"/>
        <line num="82" type="stmt" count="8"/>
        <line num="83" type="stmt" count="8"/>
        <line num="85" type="stmt" count="8"/>
        <line num="86" type="stmt" count="8"/>
        <line num="89" type="stmt" count="8"/>
        <line num="101" type="method" name="copy" visibility="public" complexity="2" crap="2" count="4"/>
        <line num="105" type="stmt" count="4"/>
        <line num="106" type="stmt" count="4"/>
        <line num="107" type="stmt" count="1"/>
        <line num="108" type="stmt" count="1"/>
        <line num="110" type="stmt" count="3"/>
        <line num="111" type="method" name="move" visibility="public" complexity="2" crap="2" count="3"/>
        <line num="114" type="stmt" count="3"/>
        <line num="115" type="stmt" count="2"/>
        <line num="116" type="stmt" count="1"/>
        <line num="117" type="stmt" count="1"/>
        <line num="119" type="stmt" count="2"/>
        <line num="127" type="method" name="delete" visibility="public" complexity="3" crap="3" count="5"/>
        <line num="130" type="stmt" count="5"/>
        <line num="131" type="stmt" count="5"/>
        <line num="132" type="stmt" count="5"/>
        <line num="134" type="stmt" count="1"/>
        <line num="135" type="stmt" count="1"/>
        <line num="137" type="stmt" count="4"/>
        <line num="146" type="method" name="deleteDirectory" visibility="public" complexity="1" crap="1" count="1"/>
        <line num="148" type="stmt" count="1"/>
        <line num="149" type="stmt" count="1"/>
        <line num="161" type="method" name="createDirectory" visibility="public" complexity="1" crap="1" count="1"/>
        <line num="163" type="stmt" count="1"/>
        <line num="164" type="stmt" count="1"/>
        <line num="177" type="method" name="fileExists" visibility="public" complexity="2" crap="2" count="4"/>
        <line num="180" type="stmt" count="4"/>
        <line num="181" type="stmt" count="1"/>
        <line num="182" type="stmt" count="1"/>
        <line num="184" type="stmt" count="3"/>
        <line num="193" type="method" name="read" visibility="public" complexity="1" crap="1" count="1"/>
        <line num="195" type="stmt" count="1"/>
        <line num="196" type="stmt" count="1"/>
        <line num="205" type="method" name="readStream" visibility="public" complexity="1" crap="1" count="1"/>
        <line num="207" type="stmt" count="1"/>
        <line num="218" type="method" name="listContents" visibility="public" complexity="4" crap="4" count="1"/>
        <line num="220" type="stmt" count="1"/>
        <line num="223" type="stmt" count="1"/>
        <line num="225" type="stmt" count="1"/>
        <line num="226" type="stmt" count="1"/>
        <line num="227" type="stmt" count="1"/>
        <line num="228" type="stmt" count="1"/>
        <line num="229" type="stmt" count="1"/>
        <line num="231" type="stmt" count="1"/>
        <line num="232" type="stmt" count="1"/>
        <line num="235" type="stmt" count="1"/>
        <line num="237" type="stmt" count="1"/>
        <line num="242" type="stmt" count="1"/>
        <line num="244" type="method" name="makeObject" visibility="private" complexity="1" crap="1" count="1"/>
        <line num="246" type="stmt" count="1"/>
        <line num="247" type="stmt" count="1"/>
        <line num="248" type="stmt" count="1"/>
        <line num="249" type="stmt" count="1"/>
        <line num="250" type="stmt" count="1"/>
        <line num="251" type="stmt" count="1"/>
        <line num="262" type="method" name="getMetadata" visibility="public" complexity="1" crap="2" count="0"/>
        <line num="264" type="stmt" count="0"/>
        <line num="271" type="method" name="getResource" visibility="public" complexity="1" crap="1" count="1"/>
        <line num="273" type="stmt" count="1"/>
        <line num="282" type="method" name="fileSize" visibility="public" complexity="1" crap="1" count="1"/>
        <line num="284" type="stmt" count="1"/>
        <line num="285" type="stmt" count="1"/>
        <line num="293" type="method" name="setVisibility" visibility="public" complexity="1" crap="2" count="0"/>
        <line num="295" type="stmt" count="0"/>
        <line num="301" type="method" name="visibility" visibility="public" complexity="1" crap="2" count="0"/>
        <line num="303" type="stmt" count="0"/>
        <line num="304" type="stmt" count="0"/>
        <line num="316" type="method" name="mimetype" visibility="public" complexity="1" crap="1" count="1"/>
        <line num="318" type="stmt" count="1"/>
        <line num="319" type="stmt" count="1"/>
        <line num="328" type="method" name="lastModified" visibility="public" complexity="1" crap="2" count="0"/>
        <line num="330" type="stmt" count="0"/>
        <line num="331" type="stmt" count="0"/>
        <line num="338" type="method" name="prepareResourceMetadata" visibility="protected" complexity="1" crap="2" count="0"/>
        <line num="340" type="stmt" count="0"/>
        <line num="341" type="stmt" count="0"/>
        <line num="342" type="stmt" count="0"/>
        <line num="343" type="stmt" count="0"/>
        <line num="344" type="stmt" count="0"/>
        <line num="345" type="stmt" count="0"/>
        <line num="352" type="method" name="prepareMimetype" visibility="protected" complexity="1" crap="1" count="2"/>
        <line num="355" type="stmt" count="2"/>
        <line num="356" type="stmt" count="2"/>
        <line num="357" type="stmt" count="2"/>
        <line num="364" type="method" name="prepareTimestamp" visibility="protected" complexity="1" crap="2" count="0"/>
        <line num="366" type="stmt" count="0"/>
        <line num="367" type="stmt" count="0"/>
        <line num="374" type="method" name="prepareSize" visibility="protected" complexity="1" crap="1" count="1"/>
        <line num="376" type="stmt" count="1"/>
        <line num="377" type="stmt" count="1"/>
        <metrics loc="390" ncloc="184" classes="1" methods="24" coveredmethods="18" conditionals="0" coveredconditionals="0" statements="84" coveredstatements="70" elements="108" coveredelements="88"/>
      </file>
    </package>
    <metrics files="1" loc="390" ncloc="184" classes="1" methods="24" coveredmethods="18" conditionals="0" coveredconditionals="0" statements="84" coveredstatements="70" elements="108" coveredelements="88"/>
  </project>
</coverage>
